[debug] [2023-02-23T15:53:07.851Z] ----------------------------------------------------------------------
[debug] [2023-02-23T15:53:07.853Z] Command:       /usr/local/bin/node /Users/shun/.npm_global/bin/firebase init
[debug] [2023-02-23T15:53:07.854Z] CLI Version:   11.23.1
[debug] [2023-02-23T15:53:07.854Z] Platform:      darwin
[debug] [2023-02-23T15:53:07.854Z] Node Version:  v16.16.0
[debug] [2023-02-23T15:53:07.855Z] Time:          Fri Feb 24 2023 00:53:07 GMT+0900 (日本標準時)
[debug] [2023-02-23T15:53:07.856Z] ----------------------------------------------------------------------
[debug] 
[debug] [2023-02-23T15:53:07.867Z] > command requires scopes: ["email","openid","https://www.googleapis.com/auth/cloudplatformprojects.readonly","https://www.googleapis.com/auth/firebase","https://www.googleapis.com/auth/cloud-platform"]
[debug] [2023-02-23T15:53:07.869Z] > authorizing via signed-in user (shun.muraki@docomo.ne.jp)
[info] 
     ######## #### ########  ######## ########     ###     ######  ########
     ##        ##  ##     ## ##       ##     ##  ##   ##  ##       ##
     ######    ##  ########  ######   ########  #########  ######  ######
     ##        ##  ##    ##  ##       ##     ## ##     ##       ## ##
     ##       #### ##     ## ######## ########  ##     ##  ######  ########

You're about to initialize a Firebase project in this directory:

  /Users/shun/Dropbox/Mac (2)/Desktop/anything

[info] 
=== Project Setup
[info] 
[info] First, let's associate this project directory with a Firebase project.
[info] You can create multiple project aliases by running firebase use --add, 
[info] but for now we'll just set up a default project.
[info] 
[debug] [2023-02-23T16:07:59.710Z] >>> [apiv2][query] GET https://firebase.googleapis.com/v1beta1/projects pageSize=100
[debug] [2023-02-23T16:08:00.766Z] <<< [apiv2][status] GET https://firebase.googleapis.com/v1beta1/projects 200
[debug] [2023-02-23T16:08:00.768Z] <<< [apiv2][body] GET https://firebase.googleapis.com/v1beta1/projects [omitted]
[info] i  Using project anything-3ff36 (anything) 
[info] 
=== Hosting Setup
[info] 
[info] Your public directory is the folder (relative to your project directory) that
[info] will contain Hosting assets to be uploaded with firebase deploy. If you
[info] have a build process for your assets, use your build's output directory.
[info] 
[debug] [2023-02-23T16:08:39.675Z] >>> [apiv2][query] GET https://www.gstatic.com/firebasejs/releases.json [none]
[debug] [2023-02-23T16:08:39.766Z] <<< [apiv2][status] GET https://www.gstatic.com/firebasejs/releases.json 200
[debug] [2023-02-23T16:08:39.767Z] <<< [apiv2][body] GET https://www.gstatic.com/firebasejs/releases.json {"current":{"version":"9.17.1","browserURL":"https://www.gstatic.com/firebasejs/9.17.1/firebase.js","packageURL":"https://www.gstatic.com/firebasejs/9.17.1/firebase.tgz"},"live":{"version":"9.17","browserURL":"https://www.gstatic.com/firebasejs/live/9.17/firebase.js","packageURL":"https://www.gstatic.com/firebasejs/live/9.17/firebase.tgz"},"components":{"analytics":"https://www.gstatic.com/firebasejs/9.17.1/firebase-analytics.js","app":"https://www.gstatic.com/firebasejs/9.17.1/firebase-app.js","app-check":"https://www.gstatic.com/firebasejs/9.17.1/firebase-app-check.js","auth":"https://www.gstatic.com/firebasejs/9.17.1/firebase-auth.js","auth/cordova":"https://www.gstatic.com/firebasejs/9.17.1/firebase-auth/cordova.js","auth/react-native":"https://www.gstatic.com/firebasejs/9.17.1/firebase-auth/react-native.js","functions":"https://www.gstatic.com/firebasejs/9.17.1/firebase-functions.js","firestore":"https://www.gstatic.com/firebasejs/9.17.1/firebase-firestore.js","firestore/lite":"https://www.gstatic.com/firebasejs/9.17.1/firebase-firestore/lite.js","installations":"https://www.gstatic.com/firebasejs/9.17.1/firebase-installations.js","storage":"https://www.gstatic.com/firebasejs/9.17.1/firebase-storage.js","performance":"https://www.gstatic.com/firebasejs/9.17.1/firebase-performance.js","remote-config":"https://www.gstatic.com/firebasejs/9.17.1/firebase-remote-config.js","messaging":"https://www.gstatic.com/firebasejs/9.17.1/firebase-messaging.js","messaging/sw":"https://www.gstatic.com/firebasejs/9.17.1/firebase-messaging/sw.js","database":"https://www.gstatic.com/firebasejs/9.17.1/firebase-database.js","firestore.memory":"https://www.gstatic.com/firebasejs/9.17.1/firebase-firestore.memory.js"}}
[info] ✔  Wrote public/index.html 
[info] 
[info] i  Didn't detect a .git folder. Assuming /Users/shun/Dropbox/Mac (2)/Desktop/anything is the project root. 
[info] i  Authorizing with GitHub to upload your service account to a GitHub repository's secrets store. 
[info] 
[info] Visit this URL on this device to log in:
[info] https://github.com/login/oauth/authorize?client_id=89cf50f02ac6aaed3484&state=185719877&redirect_uri=http%3A%2F%2Flocalhost%3A9005&scope=read%3Auser%20repo%20public_repo
[info] 
[info] Waiting for authentication...
[debug] [2023-02-23T16:08:52.206Z] >>> [apiv2][query] POST https://github.com/login/oauth/access_token [none]
[debug] [2023-02-23T16:08:52.206Z] >>> [apiv2][body] POST https://github.com/login/oauth/access_token [stream]
[debug] [2023-02-23T16:08:52.547Z] <<< [apiv2][status] POST https://github.com/login/oauth/access_token 200
[debug] [2023-02-23T16:08:52.548Z] <<< [apiv2][body] POST https://github.com/login/oauth/access_token {"access_token":"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","token_type":"bearer","scope":"read:user,repo"}
[debug] [2023-02-23T16:08:52.569Z] >>> [apiv2][query] GET https://api.github.com/user [none]
[debug] [2023-02-23T16:08:52.914Z] <<< [apiv2][status] GET https://api.github.com/user 200
[debug] [2023-02-23T16:08:52.915Z] <<< [apiv2][body] GET https://api.github.com/user {"login":"shunmuraki","id":69135304,"node_id":"MDQ6VXNlcjY5MTM1MzA0","avatar_url":"https://avatars.githubusercontent.com/u/69135304?v=4","gravatar_id":"","url":"https://api.github.com/users/shunmuraki","html_url":"https://github.com/shunmuraki","followers_url":"https://api.github.com/users/shunmuraki/followers","following_url":"https://api.github.com/users/shunmuraki/following{/other_user}","gists_url":"https://api.github.com/users/shunmuraki/gists{/gist_id}","starred_url":"https://api.github.com/users/shunmuraki/starred{/owner}{/repo}","subscriptions_url":"https://api.github.com/users/shunmuraki/subscriptions","organizations_url":"https://api.github.com/users/shunmuraki/orgs","repos_url":"https://api.github.com/users/shunmuraki/repos","events_url":"https://api.github.com/users/shunmuraki/events{/privacy}","received_events_url":"https://api.github.com/users/shunmuraki/received_events","type":"User","site_admin":false,"name":"Shun Muraki","company":null,"blog":"shun-muraki.jp","location":null,"email":null,"hireable":null,"bio":null,"twitter_username":null,"public_repos":1,"public_gists":0,"followers":0,"following":0,"created_at":"2020-08-03T05:06:41Z","updated_at":"2023-02-06T22:18:35Z","private_gists":0,"total_private_repos":33,"owned_private_repos":33,"disk_usage":943389,"collaborators":0,"two_factor_authentication":false,"plan":{"name":"free","space":976562499,"collaborators":0,"private_repos":10000}}
[info] 
[info] ✔  Success! Logged into GitHub as shunmuraki 
[info] 
[debug] [2023-02-23T16:09:01.237Z] >>> [apiv2][query] GET https://api.github.com/repos//actions/secrets/public-key type=owner
[debug] [2023-02-23T16:09:01.491Z] <<< [apiv2][status] GET https://api.github.com/repos//actions/secrets/public-key 404
[debug] [2023-02-23T16:09:01.492Z] <<< [apiv2][body] GET https://api.github.com/repos//actions/secrets/public-key {"message":"Not Found","documentation_url":"https://docs.github.com/rest"}
[debug] [2023-02-23T16:09:01.740Z] >>> [apiv2][query] GET https://api.github.com/repos//actions/secrets/public-key type=owner
[debug] [2023-02-23T16:09:02.005Z] <<< [apiv2][status] GET https://api.github.com/repos//actions/secrets/public-key 404
[debug] [2023-02-23T16:09:02.009Z] <<< [apiv2][body] GET https://api.github.com/repos//actions/secrets/public-key {"message":"Not Found","documentation_url":"https://docs.github.com/rest"}
